<?xml version="1.0" encoding="UTF-8"?>
<testng-results ignored="0" total="6" passed="6" failed="0" skipped="0">
  <reporter-output>
  </reporter-output>
  <suite started-at="2025-05-12T10:30:09 IST" name="Suite" finished-at="2025-05-12T10:31:21 IST" duration-ms="72434">
    <groups>
    </groups>
    <test started-at="2025-05-12T10:30:09 IST" name="Test" finished-at="2025-05-12T10:31:21 IST" duration-ms="72434">
      <class name="com.autoarc.testcases.HomePage">
        <test-method is-config="true" signature="setUp()[pri:0, instance:com.autoarc.testcases.HomePage@6d4d66d2]" started-at="2025-05-12T10:29:50 IST" name="setUp" finished-at="2025-05-12T10:30:09 IST" duration-ms="18624" status="PASS">
          <reporter-output>
          </reporter-output>
        </test-method> <!-- setUp -->
        <test-method signature="appView()[pri:1, instance:com.autoarc.testcases.HomePage@6d4d66d2]" started-at="2025-05-12T10:30:09 IST" name="appView" finished-at="2025-05-12T10:30:14 IST" duration-ms="5381" status="PASS">
          <reporter-output>
          </reporter-output>
        </test-method> <!-- appView -->
        <test-method signature="verifyHomePageBanner()[pri:2, instance:com.autoarc.testcases.HomePage@6d4d66d2]" started-at="2025-05-12T10:30:14 IST" name="verifyHomePageBanner" finished-at="2025-05-12T10:30:24 IST" duration-ms="10175" status="PASS">
          <reporter-output>
          </reporter-output>
        </test-method> <!-- verifyHomePageBanner -->
        <test-method signature="verifyInvalidSearch()[pri:3, instance:com.autoarc.testcases.HomePage@6d4d66d2]" started-at="2025-05-12T10:30:24 IST" name="verifyInvalidSearch" finished-at="2025-05-12T10:30:35 IST" duration-ms="10735" status="PASS">
          <reporter-output>
          </reporter-output>
        </test-method> <!-- verifyInvalidSearch -->
        <test-method signature="verifyValidSearch()[pri:4, instance:com.autoarc.testcases.HomePage@6d4d66d2]" started-at="2025-05-12T10:30:35 IST" name="verifyValidSearch" finished-at="2025-05-12T10:30:46 IST" duration-ms="10276" status="PASS">
          <reporter-output>
          </reporter-output>
        </test-method> <!-- verifyValidSearch -->
        <test-method signature="productSearch()[pri:5, instance:com.autoarc.testcases.HomePage@6d4d66d2]" started-at="2025-05-12T10:30:46 IST" name="productSearch" finished-at="2025-05-12T10:30:56 IST" duration-ms="10387" status="PASS">
          <reporter-output>
          </reporter-output>
        </test-method> <!-- productSearch -->
        <test-method signature="langCheck()[pri:6, instance:com.autoarc.testcases.HomePage@6d4d66d2]" started-at="2025-05-12T10:30:56 IST" name="langCheck" finished-at="2025-05-12T10:31:21 IST" duration-ms="25418" status="PASS">
          <reporter-output>
          </reporter-output>
        </test-method> <!-- langCheck -->
        <test-method is-config="true" signature="tearDown()[pri:0, instance:com.autoarc.testcases.HomePage@6d4d66d2]" started-at="2025-05-12T10:31:21 IST" name="tearDown" finished-at="2025-05-12T10:31:21 IST" duration-ms="1" status="PASS">
          <reporter-output>
          </reporter-output>
        </test-method> <!-- tearDown -->
      </class> <!-- com.autoarc.testcases.HomePage -->
    </test> <!-- Test -->
  </suite> <!-- Suite -->
</testng-results>
