<?xml version="1.0" encoding="UTF-8"?>
<testng-results ignored="0" total="6" passed="6" failed="0" skipped="0">
  <reporter-output>
  </reporter-output>
  <suite started-at="2025-05-08T20:11:41 IST" name="Suite" finished-at="2025-05-08T20:12:49 IST" duration-ms="68683">
    <groups>
    </groups>
    <test started-at="2025-05-08T20:11:41 IST" name="Test" finished-at="2025-05-08T20:12:49 IST" duration-ms="68683">
      <class name="com.autoarc.testcases.HomePage">
        <test-method is-config="true" signature="setUp()[pri:0, instance:com.autoarc.testcases.HomePage@11392934]" started-at="2025-05-08T20:11:32 IST" name="setUp" finished-at="2025-05-08T20:11:41 IST" duration-ms="8903" status="PASS">
          <reporter-output>
          </reporter-output>
        </test-method> <!-- setUp -->
        <test-method signature="appView()[pri:1, instance:com.autoarc.testcases.HomePage@11392934]" started-at="2025-05-08T20:11:41 IST" name="appView" finished-at="2025-05-08T20:11:46 IST" duration-ms="5152" status="PASS">
          <reporter-output>
          </reporter-output>
        </test-method> <!-- appView -->
        <test-method signature="verifyHomePageBanner()[pri:2, instance:com.autoarc.testcases.HomePage@11392934]" started-at="2025-05-08T20:11:46 IST" name="verifyHomePageBanner" finished-at="2025-05-08T20:11:56 IST" duration-ms="10273" status="PASS">
          <reporter-output>
          </reporter-output>
        </test-method> <!-- verifyHomePageBanner -->
        <test-method signature="verifyInvalidSearch()[pri:3, instance:com.autoarc.testcases.HomePage@11392934]" started-at="2025-05-08T20:11:56 IST" name="verifyInvalidSearch" finished-at="2025-05-08T20:12:07 IST" duration-ms="10892" status="PASS">
          <reporter-output>
          </reporter-output>
        </test-method> <!-- verifyInvalidSearch -->
        <test-method signature="verifyValidSearch()[pri:4, instance:com.autoarc.testcases.HomePage@11392934]" started-at="2025-05-08T20:12:07 IST" name="verifyValidSearch" finished-at="2025-05-08T20:12:17 IST" duration-ms="10214" status="PASS">
          <reporter-output>
          </reporter-output>
        </test-method> <!-- verifyValidSearch -->
        <test-method signature="productSearch()[pri:5, instance:com.autoarc.testcases.HomePage@11392934]" started-at="2025-05-08T20:12:17 IST" name="productSearch" finished-at="2025-05-08T20:12:28 IST" duration-ms="10436" status="PASS">
          <reporter-output>
          </reporter-output>
        </test-method> <!-- productSearch -->
        <test-method signature="langCheck()[pri:6, instance:com.autoarc.testcases.HomePage@11392934]" started-at="2025-05-08T20:12:28 IST" name="langCheck" finished-at="2025-05-08T20:12:49 IST" duration-ms="21660" status="PASS">
          <reporter-output>
          </reporter-output>
        </test-method> <!-- langCheck -->
        <test-method is-config="true" signature="tearDown()[pri:0, instance:com.autoarc.testcases.HomePage@11392934]" started-at="2025-05-08T20:12:49 IST" name="tearDown" finished-at="2025-05-08T20:12:49 IST" duration-ms="0" status="PASS">
          <reporter-output>
          </reporter-output>
        </test-method> <!-- tearDown -->
      </class> <!-- com.autoarc.testcases.HomePage -->
    </test> <!-- Test -->
  </suite> <!-- Suite -->
</testng-results>
