<?xml version="1.0" encoding="UTF-8"?>
<!-- Generated by org.testng.reporters.JUnitXMLReporter -->
<testsuite ignored="0" hostname="ISIPLMUMLP320" failures="0" tests="6" name="Test" time="68.683" errors="0" timestamp="2025-05-08T20:12:49 IST">
  <testcase classname="com.autoarc.testcases.HomePage" name="appView" time="5.152"/>
  <testcase classname="com.autoarc.testcases.HomePage" name="verifyHomePageBanner" time="10.273"/>
  <testcase classname="com.autoarc.testcases.HomePage" name="verifyInvalidSearch" time="10.892"/>
  <testcase classname="com.autoarc.testcases.HomePage" name="verifyValidSearch" time="10.214"/>
  <testcase classname="com.autoarc.testcases.HomePage" name="productSearch" time="10.436"/>
  <testcase classname="com.autoarc.testcases.HomePage" name="langCheck" time="21.66"/>
</testsuite> <!-- Test -->
