<?xml version="1.0" encoding="UTF-8"?>
<!-- Generated by org.testng.reporters.JUnitXMLReporter -->
<testsuite ignored="0" hostname="ISIPLMUMLP320" failures="0" tests="6" name="Test" time="72.434" errors="0" timestamp="2025-05-12T10:31:21 IST">
  <testcase classname="com.autoarc.testcases.HomePage" name="appView" time="5.381"/>
  <testcase classname="com.autoarc.testcases.HomePage" name="verifyHomePageBanner" time="10.175"/>
  <testcase classname="com.autoarc.testcases.HomePage" name="verifyInvalidSearch" time="10.735"/>
  <testcase classname="com.autoarc.testcases.HomePage" name="verifyValidSearch" time="10.276"/>
  <testcase classname="com.autoarc.testcases.HomePage" name="productSearch" time="10.387"/>
  <testcase classname="com.autoarc.testcases.HomePage" name="langCheck" time="25.418"/>
</testsuite> <!-- Test -->
